0: 2024-12-10 19:03:22,280 - INFO - Using device: cuda
0: 2024-12-10 19:03:22,280 - INFO - Graph data directory: /sdf/data/ad/ard/u/tiffan/data/sequence_graph_data_archive_4/knn_k5_weighted_graphs
0: 2024-12-10 19:03:22,280 - INFO - Results will be saved to /sdf/data/ad/ard/u/tiffan/sequence_results/scgn/sequence_graph_data_archive_4/seq_init1_final21/knn_k5_weighted_r63_nt5000_b32_lr1e-03_h256_ly4_df0.90_hor1_nl0.01_lam1.0_ep100
0: 2024-12-10 19:03:22,293 - INFO - Model 'scgn' requires edge_attr: True
0: 2024-12-10 19:03:22,309 - INFO - Using device: cuda
0: 2024-12-10 19:03:22,310 - INFO - Graph data directory: /sdf/data/ad/ard/u/tiffan/data/sequence_graph_data_archive_4/knn_k5_weighted_graphs
0: 2024-12-10 19:03:22,310 - INFO - Results will be saved to /sdf/data/ad/ard/u/tiffan/sequence_results/scgn/sequence_graph_data_archive_4/seq_init1_final21/knn_k5_weighted_r63_nt5000_b32_lr1e-03_h256_ly4_df0.90_hor1_nl0.01_lam1.0_ep100
0: 2024-12-10 19:03:22,314 - INFO - Model 'scgn' requires edge_attr: True
0: 2024-12-10 19:03:22,321 - INFO - Using device: cuda
0: 2024-12-10 19:03:22,321 - INFO - Graph data directory: /sdf/data/ad/ard/u/tiffan/data/sequence_graph_data_archive_4/knn_k5_weighted_graphs
0: 2024-12-10 19:03:22,321 - INFO - Results will be saved to /sdf/data/ad/ard/u/tiffan/sequence_results/scgn/sequence_graph_data_archive_4/seq_init1_final21/knn_k5_weighted_r63_nt5000_b32_lr1e-03_h256_ly4_df0.90_hor1_nl0.01_lam1.0_ep100
0: 2024-12-10 19:03:22,323 - INFO - Model 'scgn' requires edge_attr: True
0: 2024-12-10 19:03:22,326 - INFO - Using device: cuda
0: 2024-12-10 19:03:22,326 - INFO - Graph data directory: /sdf/data/ad/ard/u/tiffan/data/sequence_graph_data_archive_4/knn_k5_weighted_graphs
0: 2024-12-10 19:03:22,326 - INFO - Results will be saved to /sdf/data/ad/ard/u/tiffan/sequence_results/scgn/sequence_graph_data_archive_4/seq_init1_final21/knn_k5_weighted_r63_nt5000_b32_lr1e-03_h256_ly4_df0.90_hor1_nl0.01_lam1.0_ep100
0: 2024-12-10 19:03:22,328 - INFO - Model 'scgn' requires edge_attr: True
srun: Job step aborted: Waiting up to 32 seconds for job step to finish.
0: slurmstepd: error: *** STEP 60024525.0 ON sdfampere015 CANCELLED AT 2024-12-10T19:18:07 ***
0: [2024-12-10 19:18:07,148] torch.distributed.elastic.agent.server.api: [WARNING] Received Signals.SIGTERM death signal, shutting down workers
0: [2024-12-10 19:18:07,148] torch.distributed.elastic.multiprocessing.api: [WARNING] Sending process 663550 closing signal SIGTERM
0: [2024-12-10 19:18:07,148] torch.distributed.elastic.multiprocessing.api: [WARNING] Sending process 663551 closing signal SIGTERM
0: [2024-12-10 19:18:07,148] torch.distributed.elastic.multiprocessing.api: [WARNING] Sending process 663552 closing signal SIGTERM
0: [2024-12-10 19:18:07,148] torch.distributed.elastic.multiprocessing.api: [WARNING] Sending process 663553 closing signal SIGTERM
slurmstepd: error: *** JOB 60024525 ON sdfampere015 CANCELLED AT 2024-12-10T19:18:07 ***
